#
# A fatal error has been detected by the Java Runtime Environment:
#
#  EXCEPTION_ACCESS_VIOLATION (0xc0000005) at pc=0x00007ffebe340850, pid=8840, tid=11448
#
# JRE version: OpenJDK Runtime Environment Zulu11.66+15-CA (11.0.20+8) (build 11.0.20+8-LTS)
# Java VM: OpenJDK 64-Bit Server VM Zulu11.66+15-CA (11.0.20+8-LTS, mixed mode, tiered, compressed oops, g1 gc, windows-amd64)
# Problematic frame:
# V  [jvm.dll+0x330850]
#
# No core dump will be written. Minidumps are not enabled by default on client versions of Windows
#
# If you would like to submit a bug report, please visit:
#   http://www.azul.com/support/
#

---------------  S U M M A R Y ------------

Command Line: -javaagent:C:\Program Files\JetBrains\IntelliJ IDEA Community Edition 2023.2\lib\idea_rt.jar=56289:C:\Program Files\JetBrains\IntelliJ IDEA Community Edition 2023.2\bin -Dfile.encoding=UTF-8 com.wda.bookstore.BookstoreApplication

Host: Intel(R) Core(TM) i7-10510U CPU @ 1.80GHz, 8 cores, 7G,  Windows 11 , 64 bit Build 22621 (10.0.22621.2070)
Time: Tue Aug 29 14:16:29 2023 Hora oficial do Brasil elapsed time: 2.698251 seconds (0d 0h 0m 2s)

---------------  T H R E A D  ---------------

Current thread (0x0000026335506000):  JavaThread "C2 CompilerThread0" daemon [_thread_in_native, id=11448, stack(0x000000b305300000,0x000000b305400000)]


Current CompileTask:
C2:   2698 3193       4       org.springframework.core.ResolvableType::forType (115 bytes)

Stack: [0x000000b305300000,0x000000b305400000],  sp=0x000000b3053fb8a0,  free space=1006k
Native frames: (J=compiled Java code, j=interpreted, Vv=VM code, C=native code)
V  [jvm.dll+0x330850]
V  [jvm.dll+0x32dce6]
V  [jvm.dll+0x32d41a]
V  [jvm.dll+0x208ea3]
V  [jvm.dll+0x207ffd]
V  [jvm.dll+0x18a3c1]
V  [jvm.dll+0x217954]
V  [jvm.dll+0x215b7b]
V  [jvm.dll+0x77e7d0]
V  [jvm.dll+0x7775b4]
V  [jvm.dll+0x62c075]
C  [ucrtbase.dll+0x29363]
C  [KERNEL32.DLL+0x126ad]
C  [ntdll.dll+0x5aa68]


siginfo: EXCEPTION_ACCESS_VIOLATION (0xc0000005), reading address 0x00000a6339c55df0


Register to memory mapping:

RIP=0x00007ffebe340850 jvm.dll
RAX=0x00000263398e25d0 points into unknown readable memory: 0x00000263388f49f0 | f0 49 8f 38 63 02 00 00
RBX=0x00000263398e25d0 points into unknown readable memory: 0x00000263388f49f0 | f0 49 8f 38 63 02 00 00
RCX=0x0000000000000076 is an unknown value
RDX=0x000002633693edc8 points into unknown readable memory: 0x7fff3fbdffffbfff | ff bf ff ff bd 3f ff 7f
RSP=0x000000b3053fb8a0 is pointing into the stack for thread: 0x0000026335506000
RBP=0x000000b3053fb900 is pointing into the stack for thread: 0x0000026335506000
RSI=0x0000026339c56060 points into unknown readable memory: 0x00007ffebe899fa0 | a0 9f 89 be fe 7f 00 00
RDI=0xffffffffffffffff is an unknown value
R8 =0x0000000000010000 is an unknown value
R9 =0x0 is NULL
R10=0x0000026339b7a670 points into unknown readable memory: 0x0000026339c56060 | 60 60 c5 39 63 02 00 00
R11=0x0000026339b7a690 points into unknown readable memory: 0x0000026339c56970 | 70 69 c5 39 63 02 00 00
R12=0x000000b3053fb9b0 is pointing into the stack for thread: 0x0000026335506000
R13=0x0000026334b989b0 points into unknown readable memory: 0x0000000000000006 | 06 00 00 00 00 00 00 00
R14=0x00000a6339c55dc8 is an unknown value
R15=0x000000b3053fbe10 is pointing into the stack for thread: 0x0000026335506000


Registers:
RAX=0x00000263398e25d0, RBX=0x00000263398e25d0, RCX=0x0000000000000076, RDX=0x000002633693edc8
RSP=0x000000b3053fb8a0, RBP=0x000000b3053fb900, RSI=0x0000026339c56060, RDI=0xffffffffffffffff
R8 =0x0000000000010000, R9 =0x0000000000000000, R10=0x0000026339b7a670, R11=0x0000026339b7a690
R12=0x000000b3053fb9b0, R13=0x0000026334b989b0, R14=0x00000a6339c55dc8, R15=0x000000b3053fbe10
RIP=0x00007ffebe340850, EFLAGS=0x0000000000010202

Top of Stack: (sp=0x000000b3053fb8a0)
0x000000b3053fb8a0:   000000b3053fbe10 000000000000000e
0x000000b3053fb8b0:   00000263398e25d0 000002633910d840
0x000000b3053fb8c0:   0000362600000076 0000000000000000
0x000000b3053fb8d0:   0000026300000007 00000263398e25d0
0x000000b3053fb8e0:   0000026335507398 0000000000000000
0x000000b3053fb8f0:   0000026338d62870 000000000000034c
0x000000b3053fb900:   000000b3053fba10 00007ffebe33dce6
0x000000b3053fb910:   0000026336ddd078 000000b3053fbe10
0x000000b3053fb920:   0000026334b989b0 000002633910d840
0x000000b3053fb930:   0000026339137d90 00007ffef51e9718
0x000000b3053fb940:   00000263139a0000 00000263139a0000
0x000000b3053fb950:   0000000000003305 0000000000000000
0x000000b3053fb960:   0000000000000037 0000000000000037
0x000000b3053fb970:   000000003a0098a2 0000000000000000
0x000000b3053fb980:   0000000002000001 0000000000000001
0x000000b3053fb990:   00000000b8000800 0000000000003305 

Instructions: (pc=0x00007ffebe340850)
0x00007ffebe340750:   3b fa 0f 82 68 ff ff ff 48 8b 5c 24 70 48 83 c4
0x00007ffebe340760:   20 41 5f 41 5e 41 5d 41 5c 5f 5e 5d c3 cc cc cc
0x00007ffebe340770:   40 55 48 8b ec 48 83 ec 60 48 8b 41 08 4c 89 64
0x00007ffebe340780:   24 50 4c 8b e2 4c 89 7c 24 40 ba 08 00 00 00 4c
0x00007ffebe340790:   8b f9 48 8d 4d c0 44 8b 80 d0 01 00 00 44 2b 80
0x00007ffebe3407a0:   f8 01 00 00 c7 45 c0 00 00 00 00 c7 45 d0 07 00
0x00007ffebe3407b0:   00 00 48 c7 45 c8 00 00 00 00 41 8d 40 08 89 45
0x00007ffebe3407c0:   c4 e8 3a 91 01 00 44 8b 4d c4 33 d2 48 89 45 d8
0x00007ffebe3407d0:   45 85 c9 7e 2b 66 66 66 0f 1f 84 00 00 00 00 00
0x00007ffebe3407e0:   48 63 ca 4c 8d 04 c8 4d 85 c0 74 0d 33 c0 49 89
0x00007ffebe3407f0:   00 48 8b 45 d8 44 8b 4d c4 ff c2 41 3b d1 7c e0
0x00007ffebe340800:   49 8b 47 10 48 8d 55 10 48 8d 4d c0 48 89 45 10
0x00007ffebe340810:   e8 db 96 cd ff 8b 45 c0 85 c0 0f 84 45 03 00 00
0x00007ffebe340820:   48 89 5c 24 78 48 89 b4 24 80 00 00 00 48 89 7c
0x00007ffebe340830:   24 58 4c 89 74 24 48 66 0f 1f 84 00 00 00 00 00
0x00007ffebe340840:   ff c8 89 45 c0 48 63 c8 48 8b 45 d8 4c 8b 34 c8
0x00007ffebe340850:   41 8b 4e 28 8b c1 c1 e8 05 41 3b 44 24 10 72 0e
0x00007ffebe340860:   49 8b 04 24 8b d1 49 8b cc ff 50 18 eb 2a 83 e1
0x00007ffebe340870:   1f 41 b8 01 00 00 00 41 d3 e0 8b c8 49 8b 44 24
0x00007ffebe340880:   18 48 8d 14 88 8b 0c 88 8b c1 41 0b c0 89 02 41
0x00007ffebe340890:   23 c8 0f 85 ab 02 00 00 49 8b 06 49 8b ce ff 90
0x00007ffebe3408a0:   a8 00 00 00 84 c0 74 66 41 8b 46 28 41 3b 47 68
0x00007ffebe3408b0:   73 0d 8b c8 49 8b 47 78 48 83 3c c8 00 75 4f 49
0x00007ffebe3408c0:   8b d6 49 8b cf e8 66 f3 ff ff 49 8b 46 08 48 8b
0x00007ffebe3408d0:   08 8b 51 2c 8b c2 24 3f 3c 20 75 09 48 8b 41 08
0x00007ffebe3408e0:   48 3b 08 eb 06 83 e2 0f 80 fa 09 0f 94 c0 84 c0
0x00007ffebe3408f0:   75 06 48 8b 41 08 eb d6 8b 41 28 49 8b d6 4d 8b
0x00007ffebe340900:   47 78 49 8b cf 4d 8b 04 c0 e8 12 fd ff ff 41 8b
0x00007ffebe340910:   7e 1c 33 f6 ff cf 41 3b 7e 18 0f 82 28 01 00 00
0x00007ffebe340920:   49 8b 46 08 48 8b 1c f8 48 85 db 0f 84 8e 00 00
0x00007ffebe340930:   00 48 8b 03 48 8b cb ff 50 20 48 85 c0 75 58 8b
0x00007ffebe340940:   4b 2c 8b c1 24 3f 3c 20 75 09 48 8b 43 08 48 3b 


Stack slot to memory mapping:
stack at sp + 0 slots: 0x000000b3053fbe10 is pointing into the stack for thread: 0x0000026335506000
stack at sp + 1 slots: 0x000000000000000e is an unknown value
stack at sp + 2 slots: 0x00000263398e25d0 points into unknown readable memory: 0x00000263388f49f0 | f0 49 8f 38 63 02 00 00
stack at sp + 3 slots: 0x000002633910d840 points into unknown readable memory: 0x0000000000000000 | 00 00 00 00 00 00 00 00
stack at sp + 4 slots: 0x0000362600000076 is an unknown value
stack at sp + 5 slots: 0x0 is NULL
stack at sp + 6 slots: 0x0000026300000007 is an unknown value
stack at sp + 7 slots: 0x00000263398e25d0 points into unknown readable memory: 0x00000263388f49f0 | f0 49 8f 38 63 02 00 00


---------------  P R O C E S S  ---------------

Threads class SMR info:
_java_thread_list=0x00000263390ee9b0, length=15, elements={
0x0000026315b38800, 0x0000026334b7d800, 0x0000026334b86800, 0x0000026334b9e000,
0x0000026335502800, 0x0000026335505000, 0x0000026335506000, 0x0000026335508000,
0x0000026335511800, 0x0000026334b17800, 0x0000026335678800, 0x000002633591a800,
0x00000263364f2000, 0x000002633653c800, 0x0000026336b51000
}

Java Threads: ( => current thread )
  0x0000026315b38800 JavaThread "main" [_thread_blocked, id=12228, stack(0x000000b304700000,0x000000b304800000)]
  0x0000026334b7d800 JavaThread "Reference Handler" daemon [_thread_blocked, id=9900, stack(0x000000b304e00000,0x000000b304f00000)]
  0x0000026334b86800 JavaThread "Finalizer" daemon [_thread_blocked, id=3076, stack(0x000000b304f00000,0x000000b305000000)]
  0x0000026334b9e000 JavaThread "Signal Dispatcher" daemon [_thread_blocked, id=5060, stack(0x000000b305000000,0x000000b305100000)]
  0x0000026335502800 JavaThread "Attach Listener" daemon [_thread_blocked, id=12892, stack(0x000000b305100000,0x000000b305200000)]
  0x0000026335505000 JavaThread "Service Thread" daemon [_thread_blocked, id=1548, stack(0x000000b305200000,0x000000b305300000)]
=>0x0000026335506000 JavaThread "C2 CompilerThread0" daemon [_thread_in_native, id=11448, stack(0x000000b305300000,0x000000b305400000)]
  0x0000026335508000 JavaThread "C1 CompilerThread0" daemon [_thread_in_vm, id=1404, stack(0x000000b305400000,0x000000b305500000)]
  0x0000026335511800 JavaThread "Sweeper thread" daemon [_thread_blocked, id=10236, stack(0x000000b305500000,0x000000b305600000)]
  0x0000026334b17800 JavaThread "Common-Cleaner" daemon [_thread_blocked, id=8476, stack(0x000000b305600000,0x000000b305700000)]
  0x0000026335678800 JavaThread "C2 CompilerThread1" daemon [_thread_in_native, id=7880, stack(0x000000b305700000,0x000000b305800000)]
  0x000002633591a800 JavaThread "Monitor Ctrl-Break" daemon [_thread_in_native, id=4192, stack(0x000000b305800000,0x000000b305900000)]
  0x00000263364f2000 JavaThread "Thread-0" [_thread_blocked, id=13684, stack(0x000000b305c00000,0x000000b305d00000)]
  0x000002633653c800 JavaThread "restartedMain" [_thread_in_Java, id=10424, stack(0x000000b305d00000,0x000000b305e00000)]
  0x0000026336b51000 JavaThread "C2 CompilerThread2" daemon [_thread_blocked, id=12668, stack(0x000000b305e00000,0x000000b305f00000)]

Other Threads:
  0x0000026334b5b000 VMThread "VM Thread" [stack: 0x000000b304d00000,0x000000b304e00000] [id=10920]
  0x000002633591b800 WatcherThread [stack: 0x000000b305900000,0x000000b305a00000] [id=8432]
  0x0000026315b50800 GCTaskThread "GC Thread#0" [stack: 0x000000b304800000,0x000000b304900000] [id=13252]
  0x000002633668f000 GCTaskThread "GC Thread#1" [stack: 0x000000b305a00000,0x000000b305b00000] [id=2120]
  0x00000263364f3000 GCTaskThread "GC Thread#2" [stack: 0x000000b305b00000,0x000000b305c00000] [id=8944]
  0x0000026336e35000 GCTaskThread "GC Thread#3" [stack: 0x000000b306000000,0x000000b306100000] [id=10160]
  0x0000026336d5c000 GCTaskThread "GC Thread#4" [stack: 0x000000b306100000,0x000000b306200000] [id=6432]
  0x000002633670f800 GCTaskThread "GC Thread#5" [stack: 0x000000b306200000,0x000000b306300000] [id=13284]
  0x0000026336bc1000 GCTaskThread "GC Thread#6" [stack: 0x000000b306300000,0x000000b306400000] [id=4344]
  0x00000263369f1800 GCTaskThread "GC Thread#7" [stack: 0x000000b306400000,0x000000b306500000] [id=4796]
  0x0000026313a9b800 ConcurrentGCThread "G1 Main Marker" [stack: 0x000000b304900000,0x000000b304a00000] [id=9304]
  0x0000026313a9c800 ConcurrentGCThread "G1 Conc#0" [stack: 0x000000b304a00000,0x000000b304b00000] [id=5528]
  0x0000026336747800 ConcurrentGCThread "G1 Conc#1" [stack: 0x000000b306500000,0x000000b306600000] [id=4612]
  0x0000026315bfe800 ConcurrentGCThread "G1 Refine#0" [stack: 0x000000b304b00000,0x000000b304c00000] [id=4724]
  0x00000263349c7800 ConcurrentGCThread "G1 Young RemSet Sampling" [stack: 0x000000b304c00000,0x000000b304d00000] [id=8512]

Threads with active compile tasks:
C2 CompilerThread0     2735 3193       4       org.springframework.core.ResolvableType::forType (115 bytes)
C2 CompilerThread1     2735 3106       4       org.springframework.core.ResolvableType::resolveType (151 bytes)

VM state:not at safepoint (normal execution)

VM Mutex/Monitor currently owned by a thread: None

Heap address: 0x0000000082400000, size: 2012 MB, Compressed Oops mode: 32-bit
Narrow klass base: 0x0000000000000000, Narrow klass shift: 3
Compressed class space size: 1073741824 Address: 0x0000000100000000

Heap:
 garbage-first heap   total 129024K, used 25596K [0x0000000082400000, 0x0000000100000000)
  region size 1024K, 17 young (17408K), 4 survivors (4096K)
 Metaspace       used 31957K, capacity 32768K, committed 32896K, reserved 1079296K
  class space    used 3606K, capacity 3913K, committed 3968K, reserved 1048576K
Heap Regions: E=young(eden), S=young(survivor), O=old, HS=humongous(starts), HC=humongous(continues), CS=collection set, F=free, A=archive, TAMS=top-at-mark-start (previous, next)
|   0|0x0000000082400000, 0x0000000082500000, 0x0000000082500000|100%|HS|  |TAMS 0x0000000082500000, 0x0000000082400000| Complete 
|   1|0x0000000082500000, 0x0000000082600000, 0x0000000082600000|100%| O|  |TAMS 0x0000000082600000, 0x0000000082500000| Untracked 
|   2|0x0000000082600000, 0x0000000082700000, 0x0000000082700000|100%| O|  |TAMS 0x0000000082700000, 0x0000000082600000| Untracked 
|   3|0x0000000082700000, 0x0000000082800000, 0x0000000082800000|100%| O|  |TAMS 0x00000000827afe00, 0x0000000082700000| Untracked 
|   4|0x0000000082800000, 0x0000000082900000, 0x0000000082900000|100%| O|  |TAMS 0x0000000082800000, 0x0000000082800000| Untracked 
|   5|0x0000000082900000, 0x0000000082a00000, 0x0000000082a00000|100%| O|  |TAMS 0x0000000082900000, 0x0000000082900000| Untracked 
|   6|0x0000000082a00000, 0x0000000082b00000, 0x0000000082b00000|100%| O|  |TAMS 0x0000000082a00000, 0x0000000082a00000| Untracked 
|   7|0x0000000082b00000, 0x0000000082c00000, 0x0000000082c00000|100%| O|  |TAMS 0x0000000082b00000, 0x0000000082b00000| Untracked 
|   8|0x0000000082c00000, 0x0000000082cff000, 0x0000000082d00000| 99%| O|  |TAMS 0x0000000082c00000, 0x0000000082c00000| Untracked 
|   9|0x0000000082d00000, 0x0000000082d00000, 0x0000000082e00000|  0%| F|  |TAMS 0x0000000082d00000, 0x0000000082d00000| Untracked 
|  10|0x0000000082e00000, 0x0000000082e00000, 0x0000000082f00000|  0%| F|  |TAMS 0x0000000082e00000, 0x0000000082e00000| Untracked 
|  11|0x0000000082f00000, 0x0000000082f00000, 0x0000000083000000|  0%| F|  |TAMS 0x0000000082f00000, 0x0000000082f00000| Untracked 
|  12|0x0000000083000000, 0x0000000083000000, 0x0000000083100000|  0%| F|  |TAMS 0x0000000083000000, 0x0000000083000000| Untracked 
|  13|0x0000000083100000, 0x0000000083100000, 0x0000000083200000|  0%| F|  |TAMS 0x0000000083100000, 0x0000000083100000| Untracked 
|  14|0x0000000083200000, 0x0000000083200000, 0x0000000083300000|  0%| F|  |TAMS 0x0000000083200000, 0x0000000083200000| Untracked 
|  15|0x0000000083300000, 0x0000000083300000, 0x0000000083400000|  0%| F|  |TAMS 0x0000000083300000, 0x0000000083300000| Untracked 
|  16|0x0000000083400000, 0x0000000083400000, 0x0000000083500000|  0%| F|  |TAMS 0x0000000083400000, 0x0000000083400000| Untracked 
|  17|0x0000000083500000, 0x0000000083500000, 0x0000000083600000|  0%| F|  |TAMS 0x0000000083500000, 0x0000000083500000| Untracked 
|  18|0x0000000083600000, 0x0000000083600000, 0x0000000083700000|  0%| F|  |TAMS 0x0000000083600000, 0x0000000083600000| Untracked 
|  19|0x0000000083700000, 0x0000000083700000, 0x0000000083800000|  0%| F|  |TAMS 0x0000000083700000, 0x0000000083700000| Untracked 
|  20|0x0000000083800000, 0x0000000083800000, 0x0000000083900000|  0%| F|  |TAMS 0x0000000083800000, 0x0000000083800000| Untracked 
|  21|0x0000000083900000, 0x0000000083900000, 0x0000000083a00000|  0%| F|  |TAMS 0x0000000083900000, 0x0000000083900000| Untracked 
|  22|0x0000000083a00000, 0x0000000083a00000, 0x0000000083b00000|  0%| F|  |TAMS 0x0000000083a00000, 0x0000000083a00000| Untracked 
|  23|0x0000000083b00000, 0x0000000083b00000, 0x0000000083c00000|  0%| F|  |TAMS 0x0000000083b00000, 0x0000000083b00000| Untracked 
|  24|0x0000000083c00000, 0x0000000083c00000, 0x0000000083d00000|  0%| F|  |TAMS 0x0000000083c00000, 0x0000000083c00000| Untracked 
|  25|0x0000000083d00000, 0x0000000083d00000, 0x0000000083e00000|  0%| F|  |TAMS 0x0000000083d00000, 0x0000000083d00000| Untracked 
|  26|0x0000000083e00000, 0x0000000083e00000, 0x0000000083f00000|  0%| F|  |TAMS 0x0000000083e00000, 0x0000000083e00000| Untracked 
|  27|0x0000000083f00000, 0x0000000083f00000, 0x0000000084000000|  0%| F|  |TAMS 0x0000000083f00000, 0x0000000083f00000| Untracked 
|  28|0x0000000084000000, 0x0000000084000000, 0x0000000084100000|  0%| F|  |TAMS 0x0000000084000000, 0x0000000084000000| Untracked 
|  29|0x0000000084100000, 0x0000000084100000, 0x0000000084200000|  0%| F|  |TAMS 0x0000000084100000, 0x0000000084100000| Untracked 
|  30|0x0000000084200000, 0x0000000084200000, 0x0000000084300000|  0%| F|  |TAMS 0x0000000084200000, 0x0000000084200000| Untracked 
|  31|0x0000000084300000, 0x0000000084300000, 0x0000000084400000|  0%| F|  |TAMS 0x0000000084300000, 0x0000000084300000| Untracked 
|  32|0x0000000084400000, 0x0000000084400000, 0x0000000084500000|  0%| F|  |TAMS 0x0000000084400000, 0x0000000084400000| Untracked 
|  33|0x0000000084500000, 0x0000000084500000, 0x0000000084600000|  0%| F|  |TAMS 0x0000000084500000, 0x0000000084500000| Untracked 
|  34|0x0000000084600000, 0x0000000084600000, 0x0000000084700000|  0%| F|  |TAMS 0x0000000084600000, 0x0000000084600000| Untracked 
|  35|0x0000000084700000, 0x0000000084700000, 0x0000000084800000|  0%| F|  |TAMS 0x0000000084700000, 0x0000000084700000| Untracked 
|  36|0x0000000084800000, 0x0000000084800000, 0x0000000084900000|  0%| F|  |TAMS 0x0000000084800000, 0x0000000084800000| Untracked 
|  37|0x0000000084900000, 0x0000000084900000, 0x0000000084a00000|  0%| F|  |TAMS 0x0000000084900000, 0x0000000084900000| Untracked 
|  38|0x0000000084a00000, 0x0000000084a00000, 0x0000000084b00000|  0%| F|  |TAMS 0x0000000084a00000, 0x0000000084a00000| Untracked 
|  39|0x0000000084b00000, 0x0000000084b00000, 0x0000000084c00000|  0%| F|  |TAMS 0x0000000084b00000, 0x0000000084b00000| Untracked 
|  40|0x0000000084c00000, 0x0000000084c00000, 0x0000000084d00000|  0%| F|  |TAMS 0x0000000084c00000, 0x0000000084c00000| Untracked 
|  41|0x0000000084d00000, 0x0000000084d00000, 0x0000000084e00000|  0%| F|  |TAMS 0x0000000084d00000, 0x0000000084d00000| Untracked 
|  42|0x0000000084e00000, 0x0000000084e00000, 0x0000000084f00000|  0%| F|  |TAMS 0x0000000084e00000, 0x0000000084e00000| Untracked 
|  43|0x0000000084f00000, 0x0000000084f00000, 0x0000000085000000|  0%| F|  |TAMS 0x0000000084f00000, 0x0000000084f00000| Untracked 
|  44|0x0000000085000000, 0x0000000085000000, 0x0000000085100000|  0%| F|  |TAMS 0x0000000085000000, 0x0000000085000000| Untracked 
|  45|0x0000000085100000, 0x0000000085100000, 0x0000000085200000|  0%| F|  |TAMS 0x0000000085100000, 0x0000000085100000| Untracked 
|  46|0x0000000085200000, 0x0000000085200000, 0x0000000085300000|  0%| F|  |TAMS 0x0000000085200000, 0x0000000085200000| Untracked 
|  47|0x0000000085300000, 0x0000000085300000, 0x0000000085400000|  0%| F|  |TAMS 0x0000000085300000, 0x0000000085300000| Untracked 
|  48|0x0000000085400000, 0x0000000085400000, 0x0000000085500000|  0%| F|  |TAMS 0x0000000085400000, 0x0000000085400000| Untracked 
|  49|0x0000000085500000, 0x0000000085500000, 0x0000000085600000|  0%| F|  |TAMS 0x0000000085500000, 0x0000000085500000| Untracked 
|  50|0x0000000085600000, 0x0000000085600000, 0x0000000085700000|  0%| F|  |TAMS 0x0000000085600000, 0x0000000085600000| Untracked 
|  51|0x0000000085700000, 0x0000000085700000, 0x0000000085800000|  0%| F|  |TAMS 0x0000000085700000, 0x0000000085700000| Untracked 
|  52|0x0000000085800000, 0x0000000085800000, 0x0000000085900000|  0%| F|  |TAMS 0x0000000085800000, 0x0000000085800000| Untracked 
|  53|0x0000000085900000, 0x0000000085900000, 0x0000000085a00000|  0%| F|  |TAMS 0x0000000085900000, 0x0000000085900000| Untracked 
|  54|0x0000000085a00000, 0x0000000085a00000, 0x0000000085b00000|  0%| F|  |TAMS 0x0000000085a00000, 0x0000000085a00000| Untracked 
|  55|0x0000000085b00000, 0x0000000085b00000, 0x0000000085c00000|  0%| F|  |TAMS 0x0000000085b00000, 0x0000000085b00000| Untracked 
|  56|0x0000000085c00000, 0x0000000085c00000, 0x0000000085d00000|  0%| F|  |TAMS 0x0000000085c00000, 0x0000000085c00000| Untracked 
|  57|0x0000000085d00000, 0x0000000085d00000, 0x0000000085e00000|  0%| F|  |TAMS 0x0000000085d00000, 0x0000000085d00000| Untracked 
|  58|0x0000000085e00000, 0x0000000085f00000, 0x0000000085f00000|100%| S|CS|TAMS 0x0000000085e00000, 0x0000000085e00000| Complete 
|  59|0x0000000085f00000, 0x0000000086000000, 0x0000000086000000|100%| S|CS|TAMS 0x0000000085f00000, 0x0000000085f00000| Complete 
|  60|0x0000000086000000, 0x0000000086100000, 0x0000000086100000|100%| S|CS|TAMS 0x0000000086000000, 0x0000000086000000| Complete 
|  61|0x0000000086100000, 0x0000000086200000, 0x0000000086200000|100%| S|CS|TAMS 0x0000000086100000, 0x0000000086100000| Complete 
|  62|0x0000000086200000, 0x0000000086200000, 0x0000000086300000|  0%| F|  |TAMS 0x0000000086200000, 0x0000000086200000| Untracked 
|  63|0x0000000086300000, 0x0000000086300000, 0x0000000086400000|  0%| F|  |TAMS 0x0000000086300000, 0x0000000086300000| Untracked 
|  64|0x0000000086400000, 0x0000000086400000, 0x0000000086500000|  0%| F|  |TAMS 0x0000000086400000, 0x0000000086400000| Untracked 
|  65|0x0000000086500000, 0x0000000086500000, 0x0000000086600000|  0%| F|  |TAMS 0x0000000086500000, 0x0000000086500000| Untracked 
|  66|0x0000000086600000, 0x0000000086600000, 0x0000000086700000|  0%| F|  |TAMS 0x0000000086600000, 0x0000000086600000| Untracked 
|  67|0x0000000086700000, 0x0000000086700000, 0x0000000086800000|  0%| F|  |TAMS 0x0000000086700000, 0x0000000086700000| Untracked 
|  68|0x0000000086800000, 0x0000000086800000, 0x0000000086900000|  0%| F|  |TAMS 0x0000000086800000, 0x0000000086800000| Untracked 
|  69|0x0000000086900000, 0x0000000086900000, 0x0000000086a00000|  0%| F|  |TAMS 0x0000000086900000, 0x0000000086900000| Untracked 
|  70|0x0000000086a00000, 0x0000000086a00000, 0x0000000086b00000|  0%| F|  |TAMS 0x0000000086a00000, 0x0000000086a00000| Untracked 
|  71|0x0000000086b00000, 0x0000000086b00000, 0x0000000086c00000|  0%| F|  |TAMS 0x0000000086b00000, 0x0000000086b00000| Untracked 
|  72|0x0000000086c00000, 0x0000000086c00000, 0x0000000086d00000|  0%| F|  |TAMS 0x0000000086c00000, 0x0000000086c00000| Untracked 
|  73|0x0000000086d00000, 0x0000000086d00000, 0x0000000086e00000|  0%| F|  |TAMS 0x0000000086d00000, 0x0000000086d00000| Untracked 
|  74|0x0000000086e00000, 0x0000000086e00000, 0x0000000086f00000|  0%| F|  |TAMS 0x0000000086e00000, 0x0000000086e00000| Untracked 
|  75|0x0000000086f00000, 0x0000000086f00000, 0x0000000087000000|  0%| F|  |TAMS 0x0000000086f00000, 0x0000000086f00000| Untracked 
|  76|0x0000000087000000, 0x0000000087000000, 0x0000000087100000|  0%| F|  |TAMS 0x0000000087000000, 0x0000000087000000| Untracked 
|  77|0x0000000087100000, 0x0000000087100000, 0x0000000087200000|  0%| F|  |TAMS 0x0000000087100000, 0x0000000087100000| Untracked 
|  78|0x0000000087200000, 0x0000000087200000, 0x0000000087300000|  0%| F|  |TAMS 0x0000000087200000, 0x0000000087200000| Untracked 
|  79|0x0000000087300000, 0x0000000087300000, 0x0000000087400000|  0%| F|  |TAMS 0x0000000087300000, 0x0000000087300000| Untracked 
|  80|0x0000000087400000, 0x0000000087400000, 0x0000000087500000|  0%| F|  |TAMS 0x0000000087400000, 0x0000000087400000| Untracked 
|  81|0x0000000087500000, 0x0000000087500000, 0x0000000087600000|  0%| F|  |TAMS 0x0000000087500000, 0x0000000087500000| Untracked 
|  82|0x0000000087600000, 0x0000000087600000, 0x0000000087700000|  0%| F|  |TAMS 0x0000000087600000, 0x0000000087600000| Untracked 
|  83|0x0000000087700000, 0x0000000087700000, 0x0000000087800000|  0%| F|  |TAMS 0x0000000087700000, 0x0000000087700000| Untracked 
|  84|0x0000000087800000, 0x0000000087800000, 0x0000000087900000|  0%| F|  |TAMS 0x0000000087800000, 0x0000000087800000| Untracked 
|  85|0x0000000087900000, 0x0000000087900000, 0x0000000087a00000|  0%| F|  |TAMS 0x0000000087900000, 0x0000000087900000| Untracked 
|  86|0x0000000087a00000, 0x0000000087a00000, 0x0000000087b00000|  0%| F|  |TAMS 0x0000000087a00000, 0x0000000087a00000| Untracked 
|  87|0x0000000087b00000, 0x0000000087b00000, 0x0000000087c00000|  0%| F|  |TAMS 0x0000000087b00000, 0x0000000087b00000| Untracked 
|  88|0x0000000087c00000, 0x0000000087c00000, 0x0000000087d00000|  0%| F|  |TAMS 0x0000000087c00000, 0x0000000087c00000| Untracked 
|  89|0x0000000087d00000, 0x0000000087d00000, 0x0000000087e00000|  0%| F|  |TAMS 0x0000000087d00000, 0x0000000087d00000| Untracked 
|  90|0x0000000087e00000, 0x0000000087e00000, 0x0000000087f00000|  0%| F|  |TAMS 0x0000000087e00000, 0x0000000087e00000| Untracked 
|  91|0x0000000087f00000, 0x0000000087f00000, 0x0000000088000000|  0%| F|  |TAMS 0x0000000087f00000, 0x0000000087f00000| Untracked 
|  92|0x0000000088000000, 0x0000000088000000, 0x0000000088100000|  0%| F|  |TAMS 0x0000000088000000, 0x0000000088000000| Untracked 
|  93|0x0000000088100000, 0x0000000088100000, 0x0000000088200000|  0%| F|  |TAMS 0x0000000088100000, 0x0000000088100000| Untracked 
|  94|0x0000000088200000, 0x0000000088200000, 0x0000000088300000|  0%| F|  |TAMS 0x0000000088200000, 0x0000000088200000| Untracked 
|  95|0x0000000088300000, 0x0000000088300000, 0x0000000088400000|  0%| F|  |TAMS 0x0000000088300000, 0x0000000088300000| Untracked 
|  96|0x0000000088400000, 0x0000000088400000, 0x0000000088500000|  0%| F|  |TAMS 0x0000000088400000, 0x0000000088400000| Untracked 
|  97|0x0000000088500000, 0x0000000088500000, 0x0000000088600000|  0%| F|  |TAMS 0x0000000088500000, 0x0000000088500000| Untracked 
|  98|0x0000000088600000, 0x0000000088600000, 0x0000000088700000|  0%| F|  |TAMS 0x0000000088600000, 0x0000000088600000| Untracked 
|  99|0x0000000088700000, 0x0000000088700000, 0x0000000088800000|  0%| F|  |TAMS 0x0000000088700000, 0x0000000088700000| Untracked 
| 100|0x0000000088800000, 0x0000000088800000, 0x0000000088900000|  0%| F|  |TAMS 0x0000000088800000, 0x0000000088800000| Untracked 
| 101|0x0000000088900000, 0x0000000088900000, 0x0000000088a00000|  0%| F|  |TAMS 0x0000000088900000, 0x0000000088900000| Untracked 
| 102|0x0000000088a00000, 0x0000000088a00000, 0x0000000088b00000|  0%| F|  |TAMS 0x0000000088a00000, 0x0000000088a00000| Untracked 
| 103|0x0000000088b00000, 0x0000000088b00000, 0x0000000088c00000|  0%| F|  |TAMS 0x0000000088b00000, 0x0000000088b00000| Untracked 
| 104|0x0000000088c00000, 0x0000000088c00000, 0x0000000088d00000|  0%| F|  |TAMS 0x0000000088c00000, 0x0000000088c00000| Untracked 
| 105|0x0000000088d00000, 0x0000000088d00000, 0x0000000088e00000|  0%| F|  |TAMS 0x0000000088d00000, 0x0000000088d00000| Untracked 
| 106|0x0000000088e00000, 0x0000000088e00000, 0x0000000088f00000|  0%| F|  |TAMS 0x0000000088e00000, 0x0000000088e00000| Untracked 
| 107|0x0000000088f00000, 0x0000000088f00000, 0x0000000089000000|  0%| F|  |TAMS 0x0000000088f00000, 0x0000000088f00000| Untracked 
| 108|0x0000000089000000, 0x0000000089000000, 0x0000000089100000|  0%| F|  |TAMS 0x0000000089000000, 0x0000000089000000| Untracked 
| 109|0x0000000089100000, 0x0000000089100000, 0x0000000089200000|  0%| F|  |TAMS 0x0000000089100000, 0x0000000089100000| Untracked 
| 110|0x0000000089200000, 0x0000000089200000, 0x0000000089300000|  0%| F|  |TAMS 0x0000000089200000, 0x0000000089200000| Untracked 
| 111|0x0000000089300000, 0x0000000089300000, 0x0000000089400000|  0%| F|  |TAMS 0x0000000089300000, 0x0000000089300000| Untracked 
| 112|0x0000000089400000, 0x0000000089400000, 0x0000000089500000|  0%| F|  |TAMS 0x0000000089400000, 0x0000000089400000| Untracked 
| 113|0x0000000089500000, 0x0000000089600000, 0x0000000089600000|100%| E|  |TAMS 0x0000000089500000, 0x0000000089500000| Complete 
| 114|0x0000000089600000, 0x0000000089700000, 0x0000000089700000|100%| E|CS|TAMS 0x0000000089600000, 0x0000000089600000| Complete 
| 115|0x0000000089700000, 0x0000000089800000, 0x0000000089800000|100%| E|CS|TAMS 0x0000000089700000, 0x0000000089700000| Complete 
| 116|0x0000000089800000, 0x0000000089900000, 0x0000000089900000|100%| E|CS|TAMS 0x0000000089800000, 0x0000000089800000| Complete 
| 117|0x0000000089900000, 0x0000000089a00000, 0x0000000089a00000|100%| E|CS|TAMS 0x0000000089900000, 0x0000000089900000| Complete 
| 118|0x0000000089a00000, 0x0000000089b00000, 0x0000000089b00000|100%| E|CS|TAMS 0x0000000089a00000, 0x0000000089a00000| Complete 
| 119|0x0000000089b00000, 0x0000000089c00000, 0x0000000089c00000|100%| E|CS|TAMS 0x0000000089b00000, 0x0000000089b00000| Complete 
| 120|0x0000000089c00000, 0x0000000089d00000, 0x0000000089d00000|100%| E|CS|TAMS 0x0000000089c00000, 0x0000000089c00000| Complete 
| 121|0x0000000089d00000, 0x0000000089e00000, 0x0000000089e00000|100%| E|CS|TAMS 0x0000000089d00000, 0x0000000089d00000| Complete 
| 122|0x0000000089e00000, 0x0000000089f00000, 0x0000000089f00000|100%| E|CS|TAMS 0x0000000089e00000, 0x0000000089e00000| Complete 
| 123|0x0000000089f00000, 0x000000008a000000, 0x000000008a000000|100%| E|CS|TAMS 0x0000000089f00000, 0x0000000089f00000| Complete 
| 124|0x000000008a000000, 0x000000008a100000, 0x000000008a100000|100%| E|CS|TAMS 0x000000008a000000, 0x000000008a000000| Complete 
| 125|0x000000008a100000, 0x000000008a200000, 0x000000008a200000|100%| E|CS|TAMS 0x000000008a100000, 0x000000008a100000| Complete 

Card table byte_map: [0x000002632da60000,0x000002632de50000] _byte_map_base: 0x000002632d64e000

Marking Bits (Prev, Next): (CMBitMap*) 0x0000026313a9b0a0, (CMBitMap*) 0x0000026313a9b068
 Prev Bits: [0x00000263301b0000, 0x0000026332120000)
 Next Bits: [0x000002632e240000, 0x00000263301b0000)

Polling page: 0x0000026313b40000

Metaspace:

Usage:
  Non-class:     28.18 MB capacity,    27.73 MB ( 98%) used,   369.32 KB (  1%) free+waste,    93.63 KB ( <1%) overhead. 
      Class:      3.82 MB capacity,     3.53 MB ( 92%) used,   259.84 KB (  7%) free+waste,    43.50 KB (  1%) overhead. 
       Both:     32.00 MB capacity,    31.25 MB ( 98%) used,   629.16 KB (  2%) free+waste,   137.13 KB ( <1%) overhead. 

Virtual space:
  Non-class space:       30.00 MB reserved,      28.25 MB ( 94%) committed 
      Class space:        1.00 GB reserved,       3.88 MB ( <1%) committed 
             Both:        1.03 GB reserved,      32.13 MB (  3%) committed 

Chunk freelists:
   Non-Class:  9.00 KB
       Class:  23.00 KB
        Both:  32.00 KB

MaxMetaspaceSize: 17179869184.00 GB
CompressedClassSpaceSize: 1.00 GB
Initial GC threshold: 20.80 MB
Current GC threshold: 35.20 MB
CDS: off

CodeHeap 'non-profiled nmethods': size=120000Kb used=1592Kb max_used=1592Kb free=118407Kb
 bounds [0x0000026325e10000, 0x0000026326080000, 0x000002632d340000]
CodeHeap 'profiled nmethods': size=120000Kb used=7327Kb max_used=7327Kb free=112672Kb
 bounds [0x000002631e8e0000, 0x000002631f010000, 0x0000026325e10000]
CodeHeap 'non-nmethods': size=5760Kb used=1191Kb max_used=1236Kb free=4568Kb
 bounds [0x000002631e340000, 0x000002631e5b0000, 0x000002631e8e0000]
 total_blobs=3747 nmethods=3291 adapters=368
 compilation: enabled
              stopped_count=0, restarted_count=0
 full_count=0

Compilation events (20 events):
Event: 2.664 Thread 0x0000026335508000 3264       3       org.springframework.core.type.StandardAnnotationMetadata::isAnnotatedMethod (29 bytes)
Event: 2.665 Thread 0x0000026335508000 nmethod 3264 0x000002631efeec10 code [0x000002631efeeec0, 0x000002631efefb58]
Event: 2.665 Thread 0x0000026335508000 3265   !   3       com.sun.proxy.$Proxy37::annotationType (29 bytes)
Event: 2.665 Thread 0x0000026335508000 nmethod 3265 0x000002631efeff90 code [0x000002631eff0180, 0x000002631eff0558]
Event: 2.665 Thread 0x0000026335508000 3267       3       java.lang.Class::copyMethods (36 bytes)
Event: 2.666 Thread 0x0000026335508000 nmethod 3267 0x000002631eff0710 code [0x000002631eff0960, 0x000002631eff1338]
Event: 2.667 Thread 0x0000026335508000 3268       3       org.springframework.core.ResolvableType$1::isAssignableFrom (24 bytes)
Event: 2.668 Thread 0x0000026335508000 nmethod 3268 0x000002631eff1710 code [0x000002631eff18c0, 0x000002631eff1a88]
Event: 2.669 Thread 0x0000026335508000 3269       3       org.springframework.util.ReflectionUtils::isCglibRenamedMethod (79 bytes)
Event: 2.670 Thread 0x0000026335508000 nmethod 3269 0x000002631eff1b10 code [0x000002631eff1e20, 0x000002631eff2fa8]
Event: 2.671 Thread 0x0000026335508000 3270       3       jdk.internal.org.objectweb.asm.FieldVisitor::<init> (35 bytes)
Event: 2.672 Thread 0x0000026335508000 nmethod 3270 0x000002631eff3610 code [0x000002631eff37e0, 0x000002631eff3ac8]
Event: 2.672 Thread 0x0000026335508000 3271       3       jdk.internal.org.objectweb.asm.FieldWriter::visitEnd (1 bytes)
Event: 2.672 Thread 0x0000026335508000 nmethod 3271 0x000002631eff3c10 code [0x000002631eff3dc0, 0x000002631eff3eb8]
Event: 2.672 Thread 0x0000026335508000 3272       3       org.springframework.beans.factory.support.AbstractBeanDefinition::resolveBeanClass (24 bytes)
Event: 2.673 Thread 0x0000026335508000 nmethod 3272 0x000002631eff3f90 code [0x000002631eff41a0, 0x000002631eff4878]
Event: 2.681 Thread 0x0000026336b51000 nmethod 3254 0x0000026325f98210 code [0x0000026325f98460, 0x0000026325f993d8]
Event: 2.681 Thread 0x0000026336b51000 3258       4       jdk.internal.reflect.ClassFileAssembler::emitConstantPoolUTF8 (50 bytes)
Event: 2.693 Thread 0x0000026336b51000 nmethod 3258 0x0000026325f99d10 code [0x0000026325f99f40, 0x0000026325f9a7b0]
Event: 2.693 Thread 0x0000026336b51000 3259   !   4       jdk.internal.reflect.UTF8::encode (191 bytes)

GC Heap History (8 events):
Event: 0.591 GC heap before
{Heap before GC invocations=0 (full 0):
 garbage-first heap   total 129024K, used 24576K [0x0000000082400000, 0x0000000100000000)
  region size 1024K, 24 young (24576K), 0 survivors (0K)
 Metaspace       used 11945K, capacity 12185K, committed 12288K, reserved 1060864K
  class space    used 1133K, capacity 1185K, committed 1280K, reserved 1048576K
}
Event: 0.595 GC heap after
{Heap after GC invocations=1 (full 0):
 garbage-first heap   total 129024K, used 6847K [0x0000000082400000, 0x0000000100000000)
  region size 1024K, 3 young (3072K), 3 survivors (3072K)
 Metaspace       used 11945K, capacity 12185K, committed 12288K, reserved 1060864K
  class space    used 1133K, capacity 1185K, committed 1280K, reserved 1048576K
}
Event: 1.169 GC heap before
{Heap before GC invocations=1 (full 0):
 garbage-first heap   total 129024K, used 46783K [0x0000000082400000, 0x0000000100000000)
  region size 1024K, 44 young (45056K), 3 survivors (3072K)
 Metaspace       used 20623K, capacity 21195K, committed 21296K, reserved 1069056K
  class space    used 2224K, capacity 2418K, committed 2432K, reserved 1048576K
}
Event: 1.176 GC heap after
{Heap after GC invocations=2 (full 0):
 garbage-first heap   total 129024K, used 9396K [0x0000000082400000, 0x0000000100000000)
  region size 1024K, 6 young (6144K), 6 survivors (6144K)
 Metaspace       used 20623K, capacity 21195K, committed 21296K, reserved 1069056K
  class space    used 2224K, capacity 2418K, committed 2432K, reserved 1048576K
}
Event: 1.827 GC heap before
{Heap before GC invocations=3 (full 0):
 garbage-first heap   total 129024K, used 56500K [0x0000000082400000, 0x0000000100000000)
  region size 1024K, 53 young (54272K), 6 survivors (6144K)
 Metaspace       used 26436K, capacity 27110K, committed 27264K, reserved 1073152K
  class space    used 2921K, capacity 3192K, committed 3200K, reserved 1048576K
}
Event: 1.834 GC heap after
{Heap after GC invocations=4 (full 0):
 garbage-first heap   total 129024K, used 11269K [0x0000000082400000, 0x0000000100000000)
  region size 1024K, 5 young (5120K), 5 survivors (5120K)
 Metaspace       used 26436K, capacity 27110K, committed 27264K, reserved 1073152K
  class space    used 2921K, capacity 3192K, committed 3200K, reserved 1048576K
}
Event: 2.562 GC heap before
{Heap before GC invocations=4 (full 0):
 garbage-first heap   total 129024K, used 71685K [0x0000000082400000, 0x0000000100000000)
  region size 1024K, 64 young (65536K), 5 survivors (5120K)
 Metaspace       used 30624K, capacity 31370K, committed 31488K, reserved 1077248K
  class space    used 3434K, capacity 3748K, committed 3840K, reserved 1048576K
}
Event: 2.568 GC heap after
{Heap after GC invocations=5 (full 0):
 garbage-first heap   total 129024K, used 13308K [0x0000000082400000, 0x0000000100000000)
  region size 1024K, 4 young (4096K), 4 survivors (4096K)
 Metaspace       used 30624K, capacity 31370K, committed 31488K, reserved 1077248K
  class space    used 3434K, capacity 3748K, committed 3840K, reserved 1048576K
}

Deoptimization events (20 events):
Event: 2.378 Thread 0x000002633653c800 Uncommon trap: trap_request=0xffffff4d fr.pc=0x0000026325ebd5b0 relative=0x0000000000000110
Event: 2.378 Thread 0x000002633653c800 Uncommon trap: reason=unstable_if action=reinterpret pc=0x0000026325ebd5b0 method=java.util.Arrays.equals([Ljava/lang/Object;[Ljava/lang/Object;)Z @ 44 c2
Event: 2.378 Thread 0x000002633653c800 DEOPT PACKING pc=0x0000026325ebd5b0 sp=0x000000b305dfd430
Event: 2.378 Thread 0x000002633653c800 DEOPT UNPACKING pc=0x000002631e38a1af sp=0x000000b305dfd3d0 mode 2
Event: 2.422 Thread 0x000002633653c800 Uncommon trap: trap_request=0xffffffde fr.pc=0x0000026325ec1f38 relative=0x0000000000000738
Event: 2.422 Thread 0x000002633653c800 Uncommon trap: reason=class_check action=maybe_recompile pc=0x0000026325ec1f38 method=java.util.HashMap.putVal(ILjava/lang/Object;Ljava/lang/Object;ZZ)Ljava/lang/Object; @ 203 c2
Event: 2.422 Thread 0x000002633653c800 DEOPT PACKING pc=0x0000026325ec1f38 sp=0x000000b305dfd250
Event: 2.422 Thread 0x000002633653c800 DEOPT UNPACKING pc=0x000002631e38a1af sp=0x000000b305dfd1d0 mode 2
Event: 2.529 Thread 0x000002633653c800 Uncommon trap: trap_request=0xffffff4d fr.pc=0x0000026325f67ed8 relative=0x00000000000005d8
Event: 2.529 Thread 0x000002633653c800 Uncommon trap: reason=unstable_if action=reinterpret pc=0x0000026325f67ed8 method=org.springframework.beans.factory.support.AbstractBeanFactory.getMergedLocalBeanDefinition(Ljava/lang/String;)Lorg/springframework/beans/factory/support/RootBeanDefinition; 
Event: 2.529 Thread 0x000002633653c800 DEOPT PACKING pc=0x0000026325f67ed8 sp=0x000000b305dfd930
Event: 2.529 Thread 0x000002633653c800 DEOPT UNPACKING pc=0x000002631e38a1af sp=0x000000b305dfd8e8 mode 2
Event: 2.625 Thread 0x000002633653c800 Uncommon trap: trap_request=0xffffff4d fr.pc=0x0000026325f85390 relative=0x0000000000000eb0
Event: 2.625 Thread 0x000002633653c800 Uncommon trap: reason=unstable_if action=reinterpret pc=0x0000026325f85390 method=org.springframework.core.ResolvableType$1.isAssignableFrom(Ljava/lang/Class;)Z @ 15 c2
Event: 2.625 Thread 0x000002633653c800 DEOPT PACKING pc=0x0000026325f85390 sp=0x000000b305dfdc20
Event: 2.625 Thread 0x000002633653c800 DEOPT UNPACKING pc=0x000002631e38a1af sp=0x000000b305dfdb80 mode 2
Event: 2.667 Thread 0x000002633653c800 Uncommon trap: trap_request=0xffffff4d fr.pc=0x0000026325f82cc8 relative=0x0000000000000088
Event: 2.667 Thread 0x000002633653c800 Uncommon trap: reason=unstable_if action=reinterpret pc=0x0000026325f82cc8 method=org.springframework.core.ResolvableType$1.isAssignableFrom(Ljava/lang/Class;)Z @ 15 c2
Event: 2.667 Thread 0x000002633653c800 DEOPT PACKING pc=0x0000026325f82cc8 sp=0x000000b305dfe1e0
Event: 2.667 Thread 0x000002633653c800 DEOPT UNPACKING pc=0x000002631e38a1af sp=0x000000b305dfe180 mode 2

Classes redefined (0 events):
No events

Internal exceptions (20 events):
Event: 1.410 Thread 0x000002633653c800 Exception <a 'java/lang/ClassNotFoundException'{0x00000000891d56c8}: org/springframework/beans/factory/support/BeanDefinitionRegistryPostProcessorCustomizer> (0x00000000891d56c8) thrown at [s\src\hotspot\share\classfile\systemDictionary.cpp, line 233]
Event: 1.411 Thread 0x000002633653c800 Exception <a 'java/lang/ClassNotFoundException'{0x00000000891e7f00}: org/springframework/beans/factory/config/BeanFactoryPostProcessorCustomizer> (0x00000000891e7f00) thrown at [s\src\hotspot\share\classfile\systemDictionary.cpp, line 233]
Event: 1.411 Thread 0x000002633653c800 Exception <a 'java/lang/ClassNotFoundException'{0x0000000088f407d8}: org/springframework/core/PriorityOrderedCustomizer> (0x0000000088f407d8) thrown at [s\src\hotspot\share\classfile\systemDictionary.cpp, line 233]
Event: 1.412 Thread 0x000002633653c800 Exception <a 'java/lang/ClassNotFoundException'{0x0000000088f4d8c8}: org/springframework/core/OrderedCustomizer> (0x0000000088f4d8c8) thrown at [s\src\hotspot\share\classfile\systemDictionary.cpp, line 233]
Event: 1.413 Thread 0x000002633653c800 Exception <a 'java/lang/ClassNotFoundException'{0x0000000088f5d5f8}: org/springframework/context/ResourceLoaderAwareCustomizer> (0x0000000088f5d5f8) thrown at [s\src\hotspot\share\classfile\systemDictionary.cpp, line 233]
Event: 1.413 Thread 0x000002633653c800 Exception <a 'java/lang/ClassNotFoundException'{0x0000000088f6c4c8}: org/springframework/beans/factory/AwareCustomizer> (0x0000000088f6c4c8) thrown at [s\src\hotspot\share\classfile\systemDictionary.cpp, line 233]
Event: 1.414 Thread 0x000002633653c800 Exception <a 'java/lang/ClassNotFoundException'{0x0000000088f7be48}: org/springframework/context/ApplicationStartupAwareCustomizer> (0x0000000088f7be48) thrown at [s\src\hotspot\share\classfile\systemDictionary.cpp, line 233]
Event: 1.414 Thread 0x000002633653c800 Exception <a 'java/lang/ClassNotFoundException'{0x0000000088f8af90}: org/springframework/beans/factory/AwareCustomizer> (0x0000000088f8af90) thrown at [s\src\hotspot\share\classfile\systemDictionary.cpp, line 233]
Event: 1.414 Thread 0x000002633653c800 Exception <a 'java/lang/ClassNotFoundException'{0x0000000088f9ad40}: org/springframework/beans/factory/BeanClassLoaderAwareCustomizer> (0x0000000088f9ad40) thrown at [s\src\hotspot\share\classfile\systemDictionary.cpp, line 233]
Event: 1.415 Thread 0x000002633653c800 Exception <a 'java/lang/ClassNotFoundException'{0x0000000088fa9c28}: org/springframework/beans/factory/AwareCustomizer> (0x0000000088fa9c28) thrown at [s\src\hotspot\share\classfile\systemDictionary.cpp, line 233]
Event: 1.415 Thread 0x000002633653c800 Exception <a 'java/lang/ClassNotFoundException'{0x0000000088fb8738}: org/springframework/context/EnvironmentAwareCustomizer> (0x0000000088fb8738) thrown at [s\src\hotspot\share\classfile\systemDictionary.cpp, line 233]
Event: 1.415 Thread 0x000002633653c800 Exception <a 'java/lang/ClassNotFoundException'{0x0000000088fe7c70}: org/springframework/beans/factory/AwareCustomizer> (0x0000000088fe7c70) thrown at [s\src\hotspot\share\classfile\systemDictionary.cpp, line 233]
Event: 1.464 Thread 0x0000026336d06000 Exception <a 'java/lang/NoSuchMethodError'{0x0000000088abc6a0}: 'long java.lang.invoke.DirectMethodHandle$Holder.invokeSpecial(java.lang.Object, java.lang.Object)'> (0x0000000088abc6a0) thrown at [s\src\hotspot\share\interpreter\linkResolver.cpp, line 773]
Event: 1.466 Thread 0x0000026336d06000 Exception <a 'java/lang/NoSuchMethodError'{0x0000000088ac6ca8}: 'long java.lang.invoke.DirectMethodHandle$Holder.invokeStatic(java.lang.Object, java.lang.Object)'> (0x0000000088ac6ca8) thrown at [s\src\hotspot\share\interpreter\linkResolver.cpp, line 773]
Event: 1.466 Thread 0x0000026336d06000 Exception <a 'java/lang/NoSuchMethodError'{0x0000000088ac9ad0}: 'long java.lang.invoke.DirectMethodHandle$Holder.invokeStaticInit(java.lang.Object, java.lang.Object)'> (0x0000000088ac9ad0) thrown at [s\src\hotspot\share\interpreter\linkResolver.cpp, line 773]
Event: 1.470 Thread 0x0000026336d06000 Exception <a 'java/lang/NoSuchMethodError'{0x0000000088ad5f90}: 'long java.lang.invoke.DirectMethodHandle$Holder.invokeInterface(java.lang.Object, java.lang.Object)'> (0x0000000088ad5f90) thrown at [s\src\hotspot\share\interpreter\linkResolver.cpp, line 773]
Event: 1.470 Thread 0x0000026336d06000 Exception <a 'java/lang/IncompatibleClassChangeError'{0x0000000088ad8d28}: Found class java.lang.Object, but interface was expected> (0x0000000088ad8d28) thrown at [s\src\hotspot\share\interpreter\linkResolver.cpp, line 839]
Event: 1.483 Thread 0x0000026336d06000 Exception <a 'java/lang/NoSuchMethodError'{0x00000000889e1aa8}: 'java.lang.Object java.lang.invoke.DirectMethodHandle$Holder.invokeVirtual(java.lang.Object, java.lang.Object, java.lang.Object, java.lang.Object)'> (0x00000000889e1aa8) thrown at [s\src\hotspot\share\interpreter\linkResolver.cpp, line 773]
Event: 1.548 Thread 0x000002633653c800 Exception <a 'java/lang/NoSuchMethodError'{0x00000000886b89a8}: 'void java.lang.invoke.DirectMethodHandle$Holder.invokeInterface(java.lang.Object, java.lang.Object, java.lang.Object, java.lang.Object)'> (0x00000000886b89a8) thrown at [s\src\hotspot\share\interpreter\linkResolver.cpp, line 773]
Event: 1.959 Thread 0x000002633653c800 Exception <a 'java/lang/IncompatibleClassChangeError'{0x000000008988eeb0}: Found class java.lang.Object, but interface was expected> (0x000000008988eeb0) thrown at [s\src\hotspot\share\interpreter\linkResolver.cpp, line 839]

Events (20 events):
Event: 2.693 loading class org/springframework/asm/AnnotationWriter
Event: 2.693 loading class org/springframework/asm/AnnotationWriter done
Event: 2.693 loading class org/springframework/asm/FieldVisitor
Event: 2.693 loading class org/springframework/asm/FieldVisitor done
Event: 2.693 loading class org/springframework/asm/FieldWriter
Event: 2.693 loading class org/springframework/asm/FieldWriter done
Event: 2.693 loading class org/springframework/asm/ModuleVisitor
Event: 2.693 loading class org/springframework/asm/ModuleVisitor done
Event: 2.694 loading class org/springframework/asm/ModuleWriter
Event: 2.694 loading class org/springframework/asm/ModuleWriter done
Event: 2.694 loading class org/springframework/asm/RecordComponentVisitor
Event: 2.694 loading class org/springframework/asm/RecordComponentVisitor done
Event: 2.694 loading class org/springframework/asm/RecordComponentWriter
Event: 2.694 loading class org/springframework/asm/RecordComponentWriter done
Event: 2.694 loading class org/springframework/asm/SymbolTable
Event: 2.694 loading class org/springframework/asm/SymbolTable done
Event: 2.695 loading class org/springframework/asm/Symbol
Event: 2.695 loading class org/springframework/asm/Symbol done
Event: 2.695 loading class org/springframework/asm/SymbolTable$Entry
Event: 2.695 loading class org/springframework/asm/SymbolTable$Entry done


Dynamic libraries:
0x00007ff730370000 - 0x00007ff73037d000 	C:\Users\User\Downloads\zulu11.66.15-ca-jdk11.0.20-win_x64\bin\java.exe
0x00007ffef51b0000 - 0x00007ffef53c4000 	C:\WINDOWS\SYSTEM32\ntdll.dll
0x00007ffef3d80000 - 0x00007ffef3e44000 	C:\WINDOWS\System32\KERNEL32.DLL
0x00007ffef2840000 - 0x00007ffef2be4000 	C:\WINDOWS\System32\KERNELBASE.dll
0x00007ffef2590000 - 0x00007ffef26a1000 	C:\WINDOWS\System32\ucrtbase.dll
0x00007ffeecae0000 - 0x00007ffeecaf5000 	C:\Users\User\Downloads\zulu11.66.15-ca-jdk11.0.20-win_x64\bin\VCRUNTIME140.dll
0x00007ffeef4a0000 - 0x00007ffeef4b7000 	C:\Users\User\Downloads\zulu11.66.15-ca-jdk11.0.20-win_x64\bin\jli.dll
0x00007ffef3bd0000 - 0x00007ffef3d7a000 	C:\WINDOWS\System32\USER32.dll
0x00007ffed6720000 - 0x00007ffed69af000 	C:\WINDOWS\WinSxS\amd64_microsoft.windows.common-controls_6595b64144ccf1df_6.0.22621.2070_none_2713e6537381f706\COMCTL32.dll
0x00007ffef2810000 - 0x00007ffef2836000 	C:\WINDOWS\System32\win32u.dll
0x00007ffef4ac0000 - 0x00007ffef4b67000 	C:\WINDOWS\System32\msvcrt.dll
0x00007ffef3530000 - 0x00007ffef3559000 	C:\WINDOWS\System32\GDI32.dll
0x00007ffef2dd0000 - 0x00007ffef2ee9000 	C:\WINDOWS\System32\gdi32full.dll
0x00007ffef2770000 - 0x00007ffef280a000 	C:\WINDOWS\System32\msvcp_win.dll
0x00007ffef3b90000 - 0x00007ffef3bc1000 	C:\WINDOWS\System32\IMM32.DLL
0x00007ffee7ce0000 - 0x00007ffee7d7b000 	C:\Users\User\Downloads\zulu11.66.15-ca-jdk11.0.20-win_x64\bin\msvcp140.dll
0x00007ffebe010000 - 0x00007ffebeba7000 	C:\Users\User\Downloads\zulu11.66.15-ca-jdk11.0.20-win_x64\bin\server\jvm.dll
0x00007ffef3480000 - 0x00007ffef3530000 	C:\WINDOWS\System32\ADVAPI32.dll
0x00007ffef3e50000 - 0x00007ffef3ef6000 	C:\WINDOWS\System32\sechost.dll
0x00007ffef4010000 - 0x00007ffef4127000 	C:\WINDOWS\System32\RPCRT4.dll
0x00007ffef50d0000 - 0x00007ffef50d8000 	C:\WINDOWS\System32\PSAPI.DLL
0x00007ffedf4c0000 - 0x00007ffedf4c9000 	C:\WINDOWS\SYSTEM32\WSOCK32.dll
0x00007ffef3280000 - 0x00007ffef32f1000 	C:\WINDOWS\System32\WS2_32.dll
0x00007ffeebbd0000 - 0x00007ffeebbda000 	C:\WINDOWS\SYSTEM32\VERSION.dll
0x00007ffeeb470000 - 0x00007ffeeb4a4000 	C:\WINDOWS\SYSTEM32\WINMM.dll
0x00007ffef1670000 - 0x00007ffef1688000 	C:\WINDOWS\SYSTEM32\kernel.appcore.dll
0x00007ffeef520000 - 0x00007ffeef530000 	C:\Users\User\Downloads\zulu11.66.15-ca-jdk11.0.20-win_x64\bin\verify.dll
0x00007ffef0060000 - 0x00007ffef028e000 	C:\WINDOWS\SYSTEM32\DBGHELP.DLL
0x00007ffef3800000 - 0x00007ffef3b8a000 	C:\WINDOWS\System32\combase.dll
0x00007ffef4ff0000 - 0x00007ffef50c7000 	C:\WINDOWS\System32\OLEAUT32.dll
0x00007ffedebf0000 - 0x00007ffedec22000 	C:\WINDOWS\SYSTEM32\dbgcore.DLL
0x00007ffef2ef0000 - 0x00007ffef2f6a000 	C:\WINDOWS\System32\bcryptPrimitives.dll
0x00007ffee9650000 - 0x00007ffee9678000 	C:\Users\User\Downloads\zulu11.66.15-ca-jdk11.0.20-win_x64\bin\java.dll
0x00007ffeef4d0000 - 0x00007ffeef4da000 	C:\Users\User\Downloads\zulu11.66.15-ca-jdk11.0.20-win_x64\bin\jimage.dll
0x00007ffeef410000 - 0x00007ffeef41e000 	C:\Users\User\Downloads\zulu11.66.15-ca-jdk11.0.20-win_x64\bin\instrument.dll
0x00007ffeeb7b0000 - 0x00007ffeeb7c8000 	C:\Users\User\Downloads\zulu11.66.15-ca-jdk11.0.20-win_x64\bin\zip.dll
0x00007ffef4130000 - 0x00007ffef4946000 	C:\WINDOWS\System32\SHELL32.dll
0x00007ffef03d0000 - 0x00007ffef0cba000 	C:\WINDOWS\SYSTEM32\windows.storage.dll
0x00007ffef0290000 - 0x00007ffef03ce000 	C:\WINDOWS\SYSTEM32\wintypes.dll
0x00007ffef3380000 - 0x00007ffef3473000 	C:\WINDOWS\System32\SHCORE.dll
0x00007ffef3f00000 - 0x00007ffef3f5e000 	C:\WINDOWS\System32\shlwapi.dll
0x00007ffef24c0000 - 0x00007ffef24e6000 	C:\WINDOWS\SYSTEM32\profapi.dll
0x00007ffee92e0000 - 0x00007ffee92f9000 	C:\Users\User\Downloads\zulu11.66.15-ca-jdk11.0.20-win_x64\bin\net.dll
0x00007ffeeb580000 - 0x00007ffeeb6b7000 	C:\WINDOWS\SYSTEM32\WINHTTP.dll
0x00007ffef1b40000 - 0x00007ffef1ba9000 	C:\WINDOWS\system32\mswsock.dll
0x00007ffee92c0000 - 0x00007ffee92d3000 	C:\Users\User\Downloads\zulu11.66.15-ca-jdk11.0.20-win_x64\bin\nio.dll
0x00007ffee8390000 - 0x00007ffee83aa000 	C:\Program Files\JetBrains\IntelliJ IDEA Community Edition 2023.2\bin\breakgen64.dll
0x00007ffeecc40000 - 0x00007ffeecc49000 	C:\Users\User\Downloads\zulu11.66.15-ca-jdk11.0.20-win_x64\bin\management.dll
0x00007ffeecad0000 - 0x00007ffeecadb000 	C:\Users\User\Downloads\zulu11.66.15-ca-jdk11.0.20-win_x64\bin\management_ext.dll
0x00007ffee9370000 - 0x00007ffee9387000 	C:\WINDOWS\system32\napinsp.dll
0x00007ffee9300000 - 0x00007ffee931b000 	C:\WINDOWS\system32\pnrpnsp.dll
0x00007ffef11f0000 - 0x00007ffef12e3000 	C:\WINDOWS\SYSTEM32\DNSAPI.dll
0x00007ffef1130000 - 0x00007ffef115d000 	C:\WINDOWS\SYSTEM32\IPHLPAPI.DLL
0x00007ffef49d0000 - 0x00007ffef49d9000 	C:\WINDOWS\System32\NSI.dll
0x00007ffee92a0000 - 0x00007ffee92b1000 	C:\WINDOWS\System32\winrnr.dll
0x00007ffece680000 - 0x00007ffece695000 	C:\WINDOWS\system32\wshbth.dll
0x00007ffeeb860000 - 0x00007ffeeb881000 	C:\WINDOWS\system32\nlansp_c.dll
0x00007ffee9680000 - 0x00007ffee968a000 	C:\Windows\System32\rasadhlp.dll
0x00007ffeea060000 - 0x00007ffeea0e4000 	C:\WINDOWS\System32\fwpuclnt.dll

dbghelp: loaded successfully - version: 4.0.5 - missing functions: none
symbol engine: initialized successfully - sym options: 0x614 - pdb path: .;C:\Users\User\Downloads\zulu11.66.15-ca-jdk11.0.20-win_x64\bin;C:\WINDOWS\SYSTEM32;C:\WINDOWS\WinSxS\amd64_microsoft.windows.common-controls_6595b64144ccf1df_6.0.22621.2070_none_2713e6537381f706;C:\Users\User\Downloads\zulu11.66.15-ca-jdk11.0.20-win_x64\bin\server;C:\Program Files\JetBrains\IntelliJ IDEA Community Edition 2023.2\bin

VM Arguments:
jvm_args: -javaagent:C:\Program Files\JetBrains\IntelliJ IDEA Community Edition 2023.2\lib\idea_rt.jar=56289:C:\Program Files\JetBrains\IntelliJ IDEA Community Edition 2023.2\bin -Dfile.encoding=UTF-8 
java_command: com.wda.bookstore.BookstoreApplication
java_class_path (initial): C:\Users\User\Desktop\bookstore\target\classes;C:\Users\User\.m2\repository\org\springframework\boot\spring-boot-starter-web\2.6.4\spring-boot-starter-web-2.6.4.jar;C:\Users\User\.m2\repository\org\springframework\boot\spring-boot-starter\2.6.4\spring-boot-starter-2.6.4.jar;C:\Users\User\.m2\repository\org\springframework\boot\spring-boot-starter-logging\2.6.4\spring-boot-starter-logging-2.6.4.jar;C:\Users\User\.m2\repository\ch\qos\logback\logback-classic\1.2.10\logback-classic-1.2.10.jar;C:\Users\User\.m2\repository\ch\qos\logback\logback-core\1.2.10\logback-core-1.2.10.jar;C:\Users\User\.m2\repository\org\apache\logging\log4j\log4j-to-slf4j\2.17.1\log4j-to-slf4j-2.17.1.jar;C:\Users\User\.m2\repository\org\apache\logging\log4j\log4j-api\2.17.1\log4j-api-2.17.1.jar;C:\Users\User\.m2\repository\org\slf4j\jul-to-slf4j\1.7.36\jul-to-slf4j-1.7.36.jar;C:\Users\User\.m2\repository\jakarta\annotation\jakarta.annotation-api\1.3.5\jakarta.annotation-api-1.3.5.jar;C:\Users\User\.m2\repository\org\yaml\snakeyaml\1.29\snakeyaml-1.29.jar;C:\Users\User\.m2\repository\org\springframework\boot\spring-boot-starter-json\2.6.4\spring-boot-starter-json-2.6.4.jar;C:\Users\User\.m2\repository\com\fasterxml\jackson\core\jackson-databind\2.13.1\jackson-databind-2.13.1.jar;C:\Users\User\.m2\repository\com\fasterxml\jackson\core\jackson-core\2.13.1\jackson-core-2.13.1.jar;C:\Users\User\.m2\repository\com\fasterxml\jackson\datatype\jackson-datatype-jdk8\2.13.1\jackson-datatype-jdk8-2.13.1.jar;C:\Users\User\.m2\repository\com\fasterxml\jackson\datatype\jackson-datatype-jsr310\2.13.1\jackson-datatype-jsr310-2.13.1.jar;C:\Users\User\.m2\repository\com\fasterxml\jackson\module\jackson-module-parameter-names\2.13.1\jackson-module-parameter-names-2.13.1.jar;C:\Users\User\.m2\repository\org\springframework\boot\spring-boot-starter-tomcat\2.6.4\spring-boot-starter-tomcat-2.6.4.jar;C:\Users\User\.m2\repository\org\apache\tomcat\embed\tomcat-embed-core\9.0.58\tomcat-embed-
Launcher Type: SUN_STANDARD

[Global flags]
     intx CICompilerCount                          = 4                                         {product} {ergonomic}
     uint ConcGCThreads                            = 2                                         {product} {ergonomic}
     uint G1ConcRefinementThreads                  = 8                                         {product} {ergonomic}
   size_t G1HeapRegionSize                         = 1048576                                   {product} {ergonomic}
    uintx GCDrainStackTargetSize                   = 64                                        {product} {ergonomic}
   size_t InitialHeapSize                          = 132120576                                 {product} {ergonomic}
   size_t MarkStackSize                            = 4194304                                   {product} {ergonomic}
   size_t MaxHeapSize                              = 2109734912                                {product} {ergonomic}
   size_t MaxNewSize                               = 1265631232                                {product} {ergonomic}
   size_t MinHeapDeltaBytes                        = 1048576                                   {product} {ergonomic}
    uintx NonNMethodCodeHeapSize                   = 5836300                                {pd product} {ergonomic}
    uintx NonProfiledCodeHeapSize                  = 122910970                              {pd product} {ergonomic}
    uintx ProfiledCodeHeapSize                     = 122910970                              {pd product} {ergonomic}
    uintx ReservedCodeCacheSize                    = 251658240                              {pd product} {ergonomic}
     bool SegmentedCodeCache                       = true                                      {product} {ergonomic}
     bool UseCompressedClassPointers               = true                                 {lp64_product} {ergonomic}
     bool UseCompressedOops                        = true                                 {lp64_product} {ergonomic}
     bool UseG1GC                                  = true                                      {product} {ergonomic}
     bool UseLargePagesIndividualAllocation        = false                                  {pd product} {ergonomic}

Logging:
Log output configuration:
 #0: stdout all=warning uptime,level,tags
 #1: stderr all=off uptime,level,tags

Environment Variables:
PATH=C:\WINDOWS\system32;C:\WINDOWS;C:\WINDOWS\System32\Wbem;C:\WINDOWS\System32\WindowsPowerShell\v1.0\;C:\WINDOWS\System32\OpenSSH\;C:\Program Files\nodejs\;C:\Program Files\Git\cmd;C:\Users\User\AppData\Local\Microsoft\WindowsApps;;C:\Users\User\AppData\Local\Programs\Microsoft VS Code\bin;C:\Users\User\AppData\Roaming\npm
USERNAME=User
OS=Windows_NT
PROCESSOR_IDENTIFIER=Intel64 Family 6 Model 142 Stepping 12, GenuineIntel
TMP=C:\Users\User\AppData\Local\Temp
TEMP=C:\Users\User\AppData\Local\Temp



---------------  S Y S T E M  ---------------

OS: Windows 11 , 64 bit Build 22621 (10.0.22621.2070)
OS uptime: 5 days 0:57 hours

CPU:total 8 (initial active 8) (4 cores per cpu, 2 threads per core) family 6 model 142 stepping 12 microcode 0xde, cmov, cx8, fxsr, mmx, sse, sse2, sse3, ssse3, sse4.1, sse4.2, popcnt, avx, avx2, aes, clmul, erms, 3dnowpref, lzcnt, ht, tsc, tscinvbit, bmi1, bmi2, adx, fma

Memory: 4k page, system-wide physical 8047M (1732M free)
TotalPageFile size 10479M (AvailPageFile size 2907M)
current process WorkingSet (physical memory assigned to process): 205M, peak: 205M
current process commit charge ("private bytes"): 295M, peak: 296M

vm_info: OpenJDK 64-Bit Server VM (11.0.20+8-LTS) for windows-amd64 JRE (Zulu11.66+15-CA) (11.0.20+8-LTS), built on Jul  5 2023 08:04:41 by "zulu_re" with MS VC++ 15.9 (VS2017)

END.
